<?xml version="1.0" encoding="UTF-8"?>
<testsuite xmlns:xsi="http://www.w3.org/2001/XMLSchema-instance" xsi:noNamespaceSchemaLocation="https://maven.apache.org/surefire/maven-surefire-plugin/xsd/surefire-test-report-3.0.xsd" version="3.0" name="com.booking.eureka.EurekaApplicationTests" time="17.734" tests="1" errors="0" skipped="0" failures="0">
  <properties>
[...]
</properties>
  <testcase name="contextLoads" classname="com.booking.eureka.EurekaApplicationTests" time="3.264">
    <system-out><![CDATA[23:50:12.956 [main] INFO org.springframework.test.context.support.AnnotationConfigContextLoaderUtils -- Could not detect default configuration classes for test class [com.booking.eureka.EurekaApplicationTests]: EurekaApplicationTests does not declare any static, non-private, non-final, nested classes annotated with @Configuration.
23:50:13.207 [main] INFO org.springframework.boot.test.context.SpringBootTestContextBootstrapper -- Found @SpringBootConfiguration com.booking.eureka.EurekaApplication for test class com.booking.eureka.EurekaApplicationTests

  .   ____          _            __ _ _
 /\\ / ___'_ __ _ _(_)_ __  __ _ \ \ \ \
( ( )\___ | '_ | '_| | '_ \/ _` | \ \ \ \
 \\/  ___)| |_)| | | | | || (_| |  ) ) ) )
  '  |____| .__|_| |_|_| |_\__, | / / / /
 =========|_|==============|___/=/_/_/_/
 :: Spring Boot ::                (v3.1.4)

2023-10-16T23:50:15.588+05:30  INFO 21568 --- [           main] c.booking.eureka.EurekaApplicationTests  : Starting EurekaApplicationTests using Java 20.0.2 with PID 21568 (started by sidbohra in C:\Users\SIDBOHRA\AndroidStudioProjects\Travelling-Management-System\backend\eureka)
2023-10-16T23:50:15.593+05:30  INFO 21568 --- [           main] c.booking.eureka.EurekaApplicationTests  : The following 1 profile is active: "dev"
2023-10-16T23:50:19.169+05:30  INFO 21568 --- [           main] o.s.cloud.context.scope.GenericScope     : BeanFactory id=df9ebe7f-ad85-3170-b275-c93823e49012
2023-10-16T23:50:23.956+05:30  WARN 21568 --- [           main] iguration$LoadBalancerCaffeineWarnLogger : Spring Cloud LoadBalancer is currently working with the default cache. While this cache implementation is useful for development and tests, it's recommended to use Caffeine cache in production.You can switch to using Caffeine cache, by adding it and org.springframework.cache.caffeine.CaffeineCacheManager to the classpath.
2023-10-16T23:50:24.864+05:30  INFO 21568 --- [           main] o.s.c.n.eureka.InstanceInfoFactory       : Setting initial instance status as: STARTING
2023-10-16T23:50:25.158+05:30  INFO 21568 --- [           main] com.netflix.discovery.DiscoveryClient    : Initializing Eureka in region us-east-1
2023-10-16T23:50:25.169+05:30  INFO 21568 --- [           main] com.netflix.discovery.DiscoveryClient    : Client configured to neither register nor query for data.
2023-10-16T23:50:25.231+05:30  INFO 21568 --- [           main] com.netflix.discovery.DiscoveryClient    : Discovery Client initialized at timestamp 1697480425217 with initial instances count: 0
2023-10-16T23:50:25.365+05:30  INFO 21568 --- [           main] c.n.eureka.DefaultEurekaServerContext    : Initializing ...
2023-10-16T23:50:25.369+05:30  INFO 21568 --- [           main] c.n.eureka.cluster.PeerEurekaNodes       : Adding new peer nodes [http://localhost:9999/eureka/]
2023-10-16T23:50:25.882+05:30  INFO 21568 --- [           main] c.n.d.provider.DiscoveryJerseyProvider   : Using JSON encoding codec LegacyJacksonJson
2023-10-16T23:50:25.882+05:30  INFO 21568 --- [           main] c.n.d.provider.DiscoveryJerseyProvider   : Using JSON decoding codec LegacyJacksonJson
2023-10-16T23:50:25.882+05:30  INFO 21568 --- [           main] c.n.d.provider.DiscoveryJerseyProvider   : Using XML encoding codec XStreamXml
2023-10-16T23:50:25.883+05:30  INFO 21568 --- [           main] c.n.d.provider.DiscoveryJerseyProvider   : Using XML decoding codec XStreamXml
2023-10-16T23:50:26.326+05:30  INFO 21568 --- [           main] c.n.eureka.cluster.PeerEurekaNodes       : Replica node URL:  http://localhost:9999/eureka/
2023-10-16T23:50:26.348+05:30  INFO 21568 --- [           main] c.n.e.registry.AbstractInstanceRegistry  : Finished initializing remote region registries. All known remote regions: []
2023-10-16T23:50:26.350+05:30  INFO 21568 --- [           main] c.n.eureka.DefaultEurekaServerContext    : Initialized
2023-10-16T23:50:26.775+05:30  INFO 21568 --- [           main] o.s.b.a.e.web.EndpointLinksResolver      : Exposing 1 endpoint(s) beneath base path '/actuator'
2023-10-16T23:50:26.892+05:30  INFO 21568 --- [           main] o.s.c.n.e.s.EurekaServiceRegistry        : Registering application EUREKA with eureka with status UP
2023-10-16T23:50:26.932+05:30  INFO 21568 --- [      Thread-10] o.s.c.n.e.server.EurekaServerBootstrap   : isAws returned false
2023-10-16T23:50:26.934+05:30  INFO 21568 --- [      Thread-10] o.s.c.n.e.server.EurekaServerBootstrap   : Initialized server context
2023-10-16T23:50:26.935+05:30  INFO 21568 --- [      Thread-10] c.n.e.r.PeerAwareInstanceRegistryImpl    : Got 1 instances from neighboring DS node
2023-10-16T23:50:26.935+05:30  INFO 21568 --- [      Thread-10] c.n.e.r.PeerAwareInstanceRegistryImpl    : Renew threshold is: 1
2023-10-16T23:50:26.935+05:30  INFO 21568 --- [      Thread-10] c.n.e.r.PeerAwareInstanceRegistryImpl    : Changing status to UP
2023-10-16T23:50:26.946+05:30  INFO 21568 --- [           main] c.booking.eureka.EurekaApplicationTests  : Started EurekaApplicationTests in 13.223 seconds (process running for 16.941)
2023-10-16T23:50:26.975+05:30  INFO 21568 --- [      Thread-10] e.s.EurekaServerInitializerConfiguration : Started Eureka Server
]]></system-out>
  </testcase>
</testsuite>